[16:24:36] [ServerMain/INFO]: Building unoptimized datafixer
[16:24:37] [ServerMain/INFO]: Environment: authHost='https://authserver.mojang.com', accountsHost='https://api.mojang.com', sessionHost='https://sessionserver.mojang.com', servicesHost='https://api.minecraftservices.com', name='PROD'
[16:24:39] [ServerMain/INFO]: Loaded 7 recipes
[16:24:40] [Server thread/INFO]: Starting minecraft server version 1.19.3
[16:24:40] [Server thread/INFO]: Loading properties
[16:24:40] [Server thread/INFO]: This server is running Paper version git-Paper-445 (MC: 1.19.3) (Implementing API version 1.19.3-R0.1-SNAPSHOT) (Git: 4d7269e)
[16:24:40] [Server thread/INFO]: Server Ping Player Sample Count: 12
[16:24:40] [Server thread/INFO]: Using 4 threads for Netty based IO
[16:24:40] [Server thread/INFO]: [ChunkTaskScheduler] Chunk system is using 1 I/O threads, 2 worker threads, and gen parallelism of 2 threads
[16:24:40] [Server thread/INFO]: Default game type: SURVIVAL
[16:24:40] [Server thread/INFO]: Generating keypair
[16:24:40] [Server thread/INFO]: Starting Minecraft server on 0.0.0.0:25565
[16:24:40] [Server thread/INFO]: Using default channel type
[16:24:40] [Server thread/INFO]: Paper: Using Java compression from Velocity.
[16:24:40] [Server thread/INFO]: Paper: Using Java cipher from Velocity.
[16:24:41] [Server thread/INFO]: [Essentials] Loading server plugin Essentials v2.19.7
[16:24:41] [Server thread/INFO]: [SetHomes] Loading server plugin SetHomes v1.3.0
[16:24:41] [Server thread/INFO]: [EssentialsChat] Loading server plugin EssentialsChat v2.19.7
[16:24:41] [Server thread/INFO]: [CoreProtect] Loading server plugin CoreProtect v21.3
[16:24:41] [Server thread/INFO]: [ClearLag] Loading server plugin ClearLag v3.2.2
[16:24:41] [Server thread/INFO]: Server permissions file permissions.yml is empty, ignoring it
[16:24:41] [Server thread/WARN]: **** SERVER IS RUNNING IN OFFLINE/INSECURE MODE!
[16:24:41] [Server thread/WARN]: The server will make no attempt to authenticate usernames. Beware.
[16:24:41] [Server thread/WARN]: While this makes the game possible to play without internet access, it also opens up the ability for hackers to connect with any username they choose.
[16:24:41] [Server thread/WARN]: To change this, set "online-mode" to "true" in the server.properties file.
[16:24:41] [Server thread/INFO]: Preparing level "leave"
[16:24:42] [Server thread/INFO]: Preparing start region for dimension minecraft:overworld
[16:24:42] [Server thread/INFO]: Time elapsed: 143 ms
[16:24:42] [Server thread/INFO]: Preparing start region for dimension minecraft:the_nether
[16:24:42] [Server thread/INFO]: Time elapsed: 27 ms
[16:24:42] [Server thread/INFO]: Preparing start region for dimension minecraft:the_end
[16:24:42] [Server thread/INFO]: Time elapsed: 22 ms
[16:24:42] [Server thread/INFO]: [Essentials] Enabling Essentials v2.19.7
[16:24:42] [Server thread/ERROR]: [Essentials] You are running an unsupported server version!
[16:24:42] [Server thread/INFO]: [Essentials] Attempting to convert old kits in config.yml to new kits.yml
[16:24:42] [Server thread/INFO]: [Essentials] No kits found to migrate.
[16:24:42] [Server thread/INFO]: [Essentials] Loaded 38132 items from items.json.
[16:24:42] [Server thread/INFO]: [Essentials] Using locale en_US
[16:24:43] [Server thread/INFO]: [Essentials] ServerListPingEvent: Spigot iterator API
[16:24:43] [Server thread/INFO]: [Essentials] Starting Metrics. Opt-out using the global bStats config.
[16:24:43] [Server thread/INFO]: [Essentials] Using superperms-based permissions.
[16:24:43] [Server thread/INFO]: [SetHomes] Enabling SetHomes v1.3.0
[16:24:43] [Server thread/INFO]: [SetHomes] Luck perms was not found! Reverting to vault...
[16:24:43] [Server thread/INFO]: [SetHomes] Vault was not found.
[16:24:43] [Server thread/WARN]: [SetHomes] Could not connect to a permissions plugin! Config setting "max-homes" will be ignored!
[16:24:43] [Server thread/INFO]: [EssentialsChat] Enabling EssentialsChat v2.19.7
[16:24:43] [Server thread/INFO]: [EssentialsChat] Secure signed chat and previews are enabled.
[16:24:43] [Server thread/INFO]: [EssentialsChat] Starting Metrics. Opt-out using the global bStats config.
[16:24:43] [Server thread/INFO]: [CoreProtect] Enabling CoreProtect v21.3
[16:24:43] [Server thread/INFO]: [CoreProtect] CoreProtect has been successfully enabled! 
[16:24:43] [Server thread/INFO]: [CoreProtect] Using SQLite for data storage.
[16:24:43] [Server thread/INFO]: --------------------
[16:24:43] [Server thread/INFO]: [CoreProtect] Enjoy CoreProtect? Join our Discord!
[16:24:43] [Server thread/INFO]: [CoreProtect] Discord: www.coreprotect.net/discord/
[16:24:43] [Server thread/INFO]: --------------------
[16:24:43] [Server thread/INFO]: [ClearLag] Enabling ClearLag v3.2.2
[16:24:43] [Server thread/INFO]: [ClearLag] Using version-adapter: LatestVersionAdapter
[16:24:43] [Server thread/INFO]: [ClearLag] Loading modules...
[16:24:43] [Server thread/WARN]: [ClearLag] Clearlag failed to use the internal TPS tracker during initialization. Reverted to estimation... (net.minecraft.server.v1_19_R2.MinecraftServer)
[16:24:43] [Server thread/INFO]: [ClearLag] Modules enabed, loading config values
[16:24:43] [Server thread/INFO]: [ClearLag] Modules have been loaded!
[16:24:43] [Server thread/INFO]: [ClearLag] Clearlag is now enabled!
[16:24:43] [Thread-7/INFO]: [ClearLag] Checking for updates compatible with your bukkit version [1.19]...
[16:24:43] [Server thread/INFO]: Running delayed init tasks
[16:24:43] [Craft Scheduler Thread - 1 - Essentials/INFO]: [Essentials] Fetching version information...
[16:24:43] [Server thread/INFO]: Done (3.648s)! For help, type "help"
[16:24:43] [Server thread/INFO]: Timings Reset
[16:24:44] [Thread-7/INFO]: [ClearLag] No updates found!
[16:25:11] [Server thread/INFO]: Stopping server
[16:25:11] [Server thread/INFO]: [ClearLag] Disabling ClearLag v3.2.2
[16:25:11] [Server thread/INFO]: [ClearLag] Clearlag is now disabled!
[16:25:11] [Server thread/INFO]: [CoreProtect] Disabling CoreProtect v21.3
[16:25:11] [Server thread/INFO]: [CoreProtect] Finishing up data logging. Please wait...
[16:25:12] [Server thread/INFO]: [CoreProtect] Success! Disabled CoreProtect v21.3
[16:25:12] [Server thread/INFO]: [EssentialsChat] Disabling EssentialsChat v2.19.7
[16:25:12] [Server thread/INFO]: [SetHomes] Disabling SetHomes v1.3.0
[16:25:12] [Server thread/INFO]: [Essentials] Disabling Essentials v2.19.7
[16:25:12] [Server thread/INFO]: Saving players
[16:25:12] [Server thread/INFO]: Saving worlds
[16:25:12] [Server thread/INFO]: Saving chunks for level 'ServerLevel[leave]'/minecraft:overworld
[16:25:12] [Server thread/INFO]: [ChunkHolderManager] Waiting 60s for chunk system to halt for world 'leave'
[16:25:12] [Server thread/INFO]: [ChunkHolderManager] Halted chunk system for world 'leave'
[16:25:12] [Server thread/INFO]: [ChunkHolderManager] Saving all chunkholders for world 'leave'
[16:25:13] [Server thread/INFO]: [ChunkHolderManager] Saved 361 block chunks, 361 entity chunks, 0 poi chunks in world 'leave' in 0.66s
[16:25:13] [Server thread/INFO]: ThreadedAnvilChunkStorage (leave): All chunks are saved
[16:25:13] [Server thread/INFO]: Saving chunks for level 'ServerLevel[leave_nether]'/minecraft:the_nether
[16:25:13] [Server thread/INFO]: [ChunkHolderManager] Waiting 60s for chunk system to halt for world 'leave_nether'
[16:25:13] [Server thread/INFO]: [ChunkHolderManager] Halted chunk system for world 'leave_nether'
[16:25:13] [Server thread/INFO]: [ChunkHolderManager] Saving all chunkholders for world 'leave_nether'
[16:25:14] [Server thread/INFO]: [ChunkHolderManager] Saved 361 block chunks, 361 entity chunks, 0 poi chunks in world 'leave_nether' in 0.47s
[16:25:14] [Server thread/INFO]: ThreadedAnvilChunkStorage (DIM-1): All chunks are saved
[16:25:14] [Server thread/INFO]: Saving chunks for level 'ServerLevel[leave_the_end]'/minecraft:the_end
[16:25:14] [Server thread/INFO]: [ChunkHolderManager] Waiting 60s for chunk system to halt for world 'leave_the_end'
[16:25:14] [Server thread/INFO]: [ChunkHolderManager] Halted chunk system for world 'leave_the_end'
[16:25:14] [Server thread/INFO]: [ChunkHolderManager] Saving all chunkholders for world 'leave_the_end'
[16:25:14] [Server thread/INFO]: [ChunkHolderManager] Saved 361 block chunks, 361 entity chunks, 0 poi chunks in world 'leave_the_end' in 0.10s
[16:25:14] [Server thread/INFO]: ThreadedAnvilChunkStorage (DIM1): All chunks are saved
[16:25:14] [Server thread/INFO]: ThreadedAnvilChunkStorage: All dimensions are saved
[16:25:14] [Server thread/INFO]: Flushing Chunk IO
[16:25:14] [Server thread/INFO]: Closing Thread Pool
[16:25:14] [Server thread/INFO]: Closing Server
